{
  "RSpec": {
    "coverage": {
      "/myapp/app/helpers/application_helper.rb": [
        1,
        null
      ],
      "/myapp/app/helpers/home_helper.rb": [
        1,
        null
      ],
      "/myapp/app/helpers/login_helper.rb": [
        1,
        null
      ],
      "/myapp/app/helpers/professors_helper.rb": [
        1,
        null
      ],
      "/myapp/app/controllers/alunos_controller.rb": [
        1,
        1,
        0,
        null,
        null,
        1,
        2,
        2,
        1,
        1,
        null,
        1,
        1,
        1,
        null,
        null,
        null,
        1,
        0,
        null,
        null,
        1,
        0,
        null,
        null,
        1,
        1,
        2,
        null,
        null,
        null
      ],
      "/myapp/app/controllers/application_controller.rb": [
        1,
        null
      ],
      "/myapp/app/controllers/login_controller.rb": [
        1,
        null,
        1,
        null,
        null,
        1,
        2,
        null,
        2,
        1,
        null,
        1,
        null,
        null,
        null,
        1,
        1,
        1,
        null,
        null,
        null
      ],
      "/myapp/app/controllers/professors_controller.rb": [
        1,
        1,
        null,
        null,
        1,
        3,
        null,
        null,
        null,
        1,
        null,
        null,
        null,
        1,
        3,
        null,
        null,
        null,
        1,
        null,
        null,
        null,
        1,
        2,
        null,
        2,
        1,
        1,
        1,
        null,
        null,
        1,
        1,
        null,
        null,
        null,
        null,
        1,
        2,
        1,
        1,
        null,
        1,
        1,
        null,
        null,
        null,
        null,
        1,
        1,
        null,
        1,
        1,
        null,
        null,
        1,
        1,
        null,
        null,
        6,
        null,
        null,
        1,
        null,
        4,
        null,
        null
      ],
      "/myapp/app/models/aluno.rb": [
        1,
        1,
        1,
        null,
        null
      ],
      "/myapp/app/models/application_record.rb": [
        1,
        1,
        null
      ],
      "/myapp/app/models/professor.rb": [
        1,
        1,
        null,
        1,
        1,
        null,
        1,
        null
      ],
      "/myapp/app/models/prova.rb": [
        1,
        1,
        null,
        null
      ],
      "/myapp/app/controllers/home_controller.rb": [
        0,
        null,
        0,
        0,
        null,
        0
      ],
      "/myapp/app/controllers/provas_controller.rb": [
        0,
        0,
        0,
        0,
        null,
        0,
        0,
        0,
        0,
        0,
        0,
        0,
        0,
        0,
        null,
        0,
        0,
        0,
        null,
        0,
        0,
        0,
        0
      ]
    },
    "timestamp": 1666422097
  },
  "Cucumber Features": {
    "coverage": {
      "/myapp/app/controllers/alunos_controller.rb": [
        1,
        1,
        5,
        null,
        null,
        1,
        5,
        5,
        2,
        2,
        null,
        3,
        3,
        3,
        null,
        null,
        null,
        1,
        1,
        null,
        null,
        1,
        2,
        null,
        null,
        1,
        1,
        5,
        null,
        null,
        null
      ],
      "/myapp/app/controllers/application_controller.rb": [
        1,
        null
      ],
      "/myapp/app/helpers/application_helper.rb": [
        1,
        null
      ],
      "/myapp/app/helpers/home_helper.rb": [
        1,
        null
      ],
      "/myapp/app/helpers/login_helper.rb": [
        1,
        null
      ],
      "/myapp/app/helpers/professors_helper.rb": [
        1,
        null
      ],
      "/myapp/app/models/aluno.rb": [
        1,
        1,
        1,
        null,
        null
      ],
      "/myapp/app/models/application_record.rb": [
        1,
        1,
        null
      ],
      "/myapp/app/controllers/professors_controller.rb": [
        1,
        1,
        null,
        null,
        1,
        0,
        null,
        null,
        null,
        1,
        null,
        null,
        null,
        1,
        5,
        null,
        null,
        null,
        1,
        null,
        null,
        null,
        1,
        5,
        null,
        5,
        1,
        1,
        1,
        null,
        null,
        4,
        4,
        null,
        null,
        null,
        null,
        1,
        0,
        0,
        0,
        null,
        0,
        0,
        null,
        null,
        null,
        null,
        1,
        0,
        null,
        0,
        0,
        null,
        null,
        1,
        1,
        null,
        null,
        1,
        null,
        null,
        1,
        null,
        5,
        null,
        null
      ],
      "/myapp/app/models/professor.rb": [
        1,
        1,
        null,
        1,
        1,
        null,
        1,
        null
      ],
      "/myapp/app/controllers/provas_controller.rb": [
        1,
        1,
        3,
        null,
        null,
        1,
        3,
        3,
        2,
        null,
        1,
        1,
        null,
        null,
        null,
        1,
        1,
        null,
        null,
        1,
        2,
        null,
        null
      ],
      "/myapp/app/models/prova.rb": [
        1,
        1,
        null,
        null
      ],
      "/myapp/app/controllers/login_controller.rb": [
        1,
        null,
        1,
        null,
        null,
        1,
        1,
        null,
        1,
        0,
        null,
        1,
        null,
        null,
        null,
        1,
        0,
        0,
        null,
        null,
        null
      ],
      "/myapp/app/controllers/home_controller.rb": [
        0,
        null,
        0,
        0,
        null,
        0
      ]
    },
    "timestamp": 1666421501
  }
}
