{
  "RSpec": {
    "coverage": {
      "/myapp/app/helpers/application_helper.rb": [
        1,
        null
      ],
      "/myapp/app/helpers/home_helper.rb": [
        1,
        null
      ],
      "/myapp/app/models/aluno.rb": [
        1,
        1,
        1,
        null,
        null
      ],
      "/myapp/app/models/application_record.rb": [
        1,
        1,
        null
      ],
      "/myapp/app/models/prova.rb": [
        1,
        1,
        null
      ],
      "/myapp/app/controllers/alunos_controller.rb": [
        1,
        1,
        0,
        null,
        null,
        1,
        0,
        0,
        0,
        null,
        0,
        0,
        null,
        null,
        null,
        1,
        1,
        null,
        null,
        1,
        1,
        0,
        null,
        null
      ],
      "/myapp/app/controllers/application_controller.rb": [
        1,
        null
      ],
      "/myapp/app/controllers/provas_controller.rb": [
        0,
        0,
        0,
        0,
        null,
        0,
        0,
        0,
        0,
        0,
        0,
        0,
        0,
        0,
        null,
        0,
        0,
        0,
        0
      ]
    },
    "timestamp": 1665670830
  },
  "Cucumber Features": {
    "coverage": {
      "/myapp/app/controllers/alunos_controller.rb": [
        1,
        1,
        4,
        null,
        null,
        1,
        4,
        4,
        1,
        null,
        3,
        3,
        null,
        null,
        null,
        1,
        1,
        null,
        null,
        1,
        1,
        4,
        null,
        null
      ],
      "/myapp/app/controllers/application_controller.rb": [
        1,
        null
      ],
      "/myapp/app/helpers/application_helper.rb": [
        1,
        null
      ],
      "/myapp/app/helpers/home_helper.rb": [
        1,
        null
      ],
      "/myapp/app/models/aluno.rb": [
        1,
        1,
        1,
        null,
        null
      ],
      "/myapp/app/models/application_record.rb": [
        1,
        1,
        null
      ],
      "/myapp/app/controllers/provas_controller.rb": [
        1,
        1,
        2,
        null,
        null,
        1,
        2,
        2,
        1,
        null,
        1,
        1,
        null,
        null,
        null,
        1,
        1,
        null,
        null
      ],
      "/myapp/app/models/prova.rb": [
        1,
        1,
        null
      ]
    },
    "timestamp": 1665670851
  }
}
