SF:./app/controllers/alunos_controller.rb
DA:1,1
DA:2,1
DA:3,0
DA:6,1
DA:7,2
DA:8,2
DA:9,1
DA:10,1
DA:12,1
DA:13,1
DA:14,1
DA:18,1
DA:19,1
DA:22,1
DA:23,0
DA:26,1
DA:27,1
DA:28,2
end_of_record
SF:./app/controllers/application_controller.rb
DA:1,1
end_of_record
SF:./app/controllers/home_controller.rb
DA:1,0
DA:3,0
DA:4,0
DA:6,0
end_of_record
SF:./app/controllers/login_controller.rb
DA:1,1
DA:3,1
DA:6,1
DA:7,2
DA:9,2
DA:10,1
DA:12,1
DA:16,1
DA:17,1
DA:18,1
end_of_record
SF:./app/controllers/professors_controller.rb
DA:1,1
DA:2,1
DA:5,1
DA:6,3
DA:10,1
DA:14,1
DA:15,3
DA:19,1
DA:23,1
DA:24,2
DA:26,2
DA:27,1
DA:28,1
DA:29,1
DA:32,1
DA:33,1
DA:38,1
DA:39,2
DA:40,1
DA:41,1
DA:43,1
DA:44,1
DA:49,1
DA:50,1
DA:52,1
DA:53,1
DA:56,1
DA:57,1
DA:60,6
DA:63,1
DA:65,4
end_of_record
SF:./app/controllers/provas_controller.rb
DA:1,0
DA:2,0
DA:3,0
DA:4,0
DA:6,0
DA:7,0
DA:8,0
DA:9,0
DA:10,0
DA:11,0
DA:12,0
DA:13,0
DA:14,0
DA:16,0
DA:17,0
DA:18,0
DA:20,0
DA:21,0
DA:22,0
DA:23,0
end_of_record
SF:./app/controllers/questaos_controller.rb
DA:1,1
DA:2,1
DA:5,1
DA:6,0
DA:10,1
DA:14,1
DA:15,1
DA:19,1
DA:23,1
DA:24,0
DA:26,0
DA:27,0
DA:28,0
DA:29,0
DA:31,0
DA:32,0
DA:38,1
DA:39,0
DA:40,0
DA:41,0
DA:42,0
DA:44,0
DA:45,0
DA:51,1
DA:52,0
DA:54,0
DA:55,0
DA:56,0
DA:60,1
DA:62,1
DA:63,0
DA:67,1
DA:68,0
end_of_record
SF:./app/helpers/application_helper.rb
DA:1,1
end_of_record
SF:./app/helpers/home_helper.rb
DA:1,1
end_of_record
SF:./app/helpers/login_helper.rb
DA:1,1
end_of_record
SF:./app/helpers/professors_helper.rb
DA:1,1
end_of_record
SF:./app/helpers/questaos_helper.rb
DA:1,1
end_of_record
SF:./app/models/aluno.rb
DA:1,1
DA:2,1
DA:3,1
end_of_record
SF:./app/models/application_record.rb
DA:1,1
DA:2,1
end_of_record
SF:./app/models/professor.rb
DA:1,1
DA:2,1
DA:4,1
DA:5,1
DA:7,1
end_of_record
SF:./app/models/prova.rb
DA:1,1
DA:2,1
end_of_record
SF:./app/models/questao.rb
DA:1,1
DA:3,1
DA:4,1
DA:5,1
DA:6,1
end_of_record
