SF:./app/controllers/alunos_controller.rb
DA:1,2
DA:2,2
DA:3,5
DA:6,2
DA:7,7
DA:8,7
DA:9,3
DA:10,3
DA:12,4
DA:13,4
DA:14,4
DA:18,2
DA:19,1
DA:22,2
DA:23,2
DA:26,2
DA:27,2
DA:28,7
end_of_record
SF:./app/controllers/application_controller.rb
DA:1,2
end_of_record
SF:./app/controllers/home_controller.rb
DA:1,0
DA:3,0
DA:4,0
DA:6,0
end_of_record
SF:./app/controllers/login_controller.rb
DA:1,1
DA:4,1
DA:5,1
DA:8,1
DA:11,1
DA:14,1
end_of_record
SF:./app/controllers/professors_controller.rb
DA:1,2
DA:2,2
DA:5,2
DA:6,3
DA:10,2
DA:14,2
DA:15,7
DA:19,2
DA:23,2
DA:24,7
DA:26,7
DA:27,2
DA:28,2
DA:31,5
DA:32,5
DA:37,2
DA:38,2
DA:39,1
DA:40,1
DA:42,1
DA:43,1
DA:48,2
DA:49,1
DA:51,1
DA:52,1
DA:55,2
DA:56,2
DA:59,7
DA:62,2
DA:64,9
end_of_record
SF:./app/controllers/provas_controller.rb
DA:1,1
DA:2,1
DA:3,3
DA:6,1
DA:7,3
DA:8,3
DA:9,2
DA:11,1
DA:12,1
DA:16,1
DA:17,1
DA:20,1
DA:21,2
end_of_record
SF:./app/helpers/application_helper.rb
DA:1,2
end_of_record
SF:./app/helpers/home_helper.rb
DA:1,2
end_of_record
SF:./app/helpers/login_helper.rb
DA:1,2
end_of_record
SF:./app/helpers/professors_helper.rb
DA:1,2
end_of_record
SF:./app/models/aluno.rb
DA:1,2
DA:2,2
DA:3,2
end_of_record
SF:./app/models/application_record.rb
DA:1,2
DA:2,2
end_of_record
SF:./app/models/professor.rb
DA:1,2
DA:2,2
DA:4,2
DA:5,2
DA:7,2
end_of_record
SF:./app/models/prova.rb
DA:1,2
DA:2,2
end_of_record
